<?xml version='1.0' encoding='UTF-8' ?>
<testsuite name="com.example.finaldice.ExampleUnitTest" tests="1" failures="0" errors="0" skipped="0" time="1.216" timestamp="2022-06-22T20:45:54" hostname="localhost">
  <properties>
    <property name="device" value="Active 3 - 10" />
    <property name="flavor" value="" />
    <property name="project" value=":app" />
  </properties>
  <testcase name="generates_number" classname="com.example.finaldice.ExampleUnitTest" time="0.512" />
</testsuite>